[2026-05-31 13:49:16,919] ERROR in app: Exception on /resident/odeme-baslat [POST]
Traceback (most recent call last):
  File "/home/probissi/virtualenv/site_takip/3.10/lib/python3.10/site-packages/flask/app.py", line 1473, in wsgi_app
    response = self.full_dispatch_request()
  File "/home/probissi/virtualenv/site_takip/3.10/lib/python3.10/site-packages/flask/app.py", line 882, in full_dispatch_request
    rv = self.handle_user_exception(e)
  File "/home/probissi/virtualenv/site_takip/3.10/lib/python3.10/site-packages/flask/app.py", line 880, in full_dispatch_request
    rv = self.dispatch_request()
  File "/home/probissi/virtualenv/site_takip/3.10/lib/python3.10/site-packages/flask/app.py", line 865, in dispatch_request
    return self.ensure_sync(self.view_functions[rule.endpoint])(**view_args)  # type: ignore[no-any-return]
  File "/home/probissi/virtualenv/site_takip/3.10/lib/python3.10/site-packages/flask_login/utils.py", line 290, in decorated_view
    return current_app.ensure_sync(func)(*args, **kwargs)
  File "/home/probissi/site_takip/app/routes/resident.py", line 16, in decorated
    return f(*args, **kwargs)
  File "/home/probissi/site_takip/app/routes/resident.py", line 144, in odeme_baslat
    return redirect(url_for('resident.iyzico_odeme',
  File "/home/probissi/virtualenv/site_takip/3.10/lib/python3.10/site-packages/flask/helpers.py", line 220, in url_for
    return current_app.url_for(
  File "/home/probissi/virtualenv/site_takip/3.10/lib/python3.10/site-packages/flask/app.py", line 1084, in url_for
    return self.handle_url_build_error(error, endpoint, values)
  File "/home/probissi/virtualenv/site_takip/3.10/lib/python3.10/site-packages/flask/app.py", line 1073, in url_for
    rv = url_adapter.build(  # type: ignore[union-attr]
  File "/home/probissi/virtualenv/site_takip/3.10/lib/python3.10/site-packages/werkzeug/routing/map.py", line 924, in build
    raise BuildError(endpoint, values, method, self)
werkzeug.routing.exceptions.BuildError: Could not build url for endpoint 'resident.iyzico_odeme' with values ['due_ids', 'toplam']. Did you mean 'resident.odeme_baslat' instead?
[2026-05-31 13:49:30,821] ERROR in app: Exception on /resident/odeme-baslat [POST]
Traceback (most recent call last):
  File "/home/probissi/virtualenv/site_takip/3.10/lib/python3.10/site-packages/flask/app.py", line 1473, in wsgi_app
    response = self.full_dispatch_request()
  File "/home/probissi/virtualenv/site_takip/3.10/lib/python3.10/site-packages/flask/app.py", line 882, in full_dispatch_request
    rv = self.handle_user_exception(e)
  File "/home/probissi/virtualenv/site_takip/3.10/lib/python3.10/site-packages/flask/app.py", line 880, in full_dispatch_request
    rv = self.dispatch_request()
  File "/home/probissi/virtualenv/site_takip/3.10/lib/python3.10/site-packages/flask/app.py", line 865, in dispatch_request
    return self.ensure_sync(self.view_functions[rule.endpoint])(**view_args)  # type: ignore[no-any-return]
  File "/home/probissi/virtualenv/site_takip/3.10/lib/python3.10/site-packages/flask_login/utils.py", line 290, in decorated_view
    return current_app.ensure_sync(func)(*args, **kwargs)
  File "/home/probissi/site_takip/app/routes/resident.py", line 16, in decorated
    return f(*args, **kwargs)
  File "/home/probissi/site_takip/app/routes/resident.py", line 144, in odeme_baslat
    return redirect(url_for('resident.iyzico_odeme',
  File "/home/probissi/virtualenv/site_takip/3.10/lib/python3.10/site-packages/flask/helpers.py", line 220, in url_for
    return current_app.url_for(
  File "/home/probissi/virtualenv/site_takip/3.10/lib/python3.10/site-packages/flask/app.py", line 1084, in url_for
    return self.handle_url_build_error(error, endpoint, values)
  File "/home/probissi/virtualenv/site_takip/3.10/lib/python3.10/site-packages/flask/app.py", line 1073, in url_for
    rv = url_adapter.build(  # type: ignore[union-attr]
  File "/home/probissi/virtualenv/site_takip/3.10/lib/python3.10/site-packages/werkzeug/routing/map.py", line 924, in build
    raise BuildError(endpoint, values, method, self)
werkzeug.routing.exceptions.BuildError: Could not build url for endpoint 'resident.iyzico_odeme' with values ['due_ids', 'toplam']. Did you mean 'resident.odeme_baslat' instead?
Traceback (most recent call last):
  File "/home/probissi/site_takip/passenger_wsgi.py", line 10, in <module>
    from app import create_app
  File "/home/probissi/site_takip/app/__init__.py", line 120
    ozel_gun = {'baslik': '19 May\u0131s Atat\xfcrk'\xfc Anma, Gen\xe7lik ve Spor Bayram\u0131', 'mesaj': 'Gen\xe7li\u011fe arma\u011fan edilen bu \xf6zel g\xfcnde t\xfcm gen\xe7lerimizi kutluyoruz.', 'emoji': '\U0001f3c3', 'renk': 'from-red-600 to-red-400'}
                                                                                                                                                                       ^
SyntaxError: invalid character '\U0001f3c3' (U+1F3C3)
Traceback (most recent call last):
  File "/home/probissi/site_takip/passenger_wsgi.py", line 10, in <module>
    from app import create_app
  File "/home/probissi/site_takip/app/__init__.py", line 120
    ozel_gun = {'baslik': '19 May\u0131s Atat\xfcrk'\xfc Anma, Gen\xe7lik ve Spor Bayram\u0131', 'mesaj': 'Gen\xe7li\u011fe arma\u011fan edilen bu \xf6zel g\xfcnde t\xfcm gen\xe7lerimizi kutluyoruz.', 'emoji': '\U0001f3c3', 'renk': 'from-red-600 to-red-400'}
                                                                                                                                                                       ^
SyntaxError: invalid character '\U0001f3c3' (U+1F3C3)
[UID:1043][858771] Child process with pid: 858788 was killed by signal: 15, core dumped: no
Traceback (most recent call last):
  File "/home/probissi/site_takip/passenger_wsgi.py", line 10, in <module>
    from app import create_app
  File "/home/probissi/site_takip/app/__init__.py", line 120
    ozel_gun = {'baslik': '19 May\u0131s Atat\xfcrk'\xfc Anma, Gen\xe7lik ve Spor Bayram\u0131', 'mesaj': 'Gen\xe7li\u011fe arma\u011fan edilen bu \xf6zel g\xfcnde t\xfcm gen\xe7lerimizi kutluyoruz.', 'emoji': '[19M]', 'renk': 'from-red-600 to-red-400'}
                                                                                                                                                                         ^
SyntaxError: invalid decimal literal
Traceback (most recent call last):
  File "/home/probissi/site_takip/passenger_wsgi.py", line 10, in <module>
    from app import create_app
  File "/home/probissi/site_takip/app/__init__.py", line 120
    ozel_gun = {'baslik': '19 May\u0131s Atat\xfcrk'\xfc Anma, Gen\xe7lik ve Spor Bayram\u0131', 'mesaj': 'Gen\xe7li\u011fe arma\u011fan edilen bu \xf6zel g\xfcnde t\xfcm gen\xe7lerimizi kutluyoruz.', 'emoji': '[19M]', 'renk': 'from-red-600 to-red-400'}
                                                                                                                                                                         ^
SyntaxError: invalid decimal literal
[UID:1043][861735] Child process with pid: 861740 was killed by signal: 15, core dumped: no
Traceback (most recent call last):
  File "/home/probissi/site_takip/passenger_wsgi.py", line 10, in <module>
    from app import create_app
  File "/home/probissi/site_takip/app/__init__.py", line 120
    ozel_gun = {'baslik': '19 May\u0131s Atat\xfcrk'\xfc Anma, Gen\xe7lik ve Spor Bayram\u0131', 'mesaj': 'Gen\xe7li\u011fe arma\u011fan edilen bu \xf6zel g\xfcnde t\xfcm gen\xe7lerimizi kutluyoruz.', 'emoji': '[19M]', 'renk': 'from-red-600 to-red-400'}
                                                                                                                                                                         ^
SyntaxError: invalid decimal literal
[UID:1043][861735] Child process with pid: 861744 was killed by signal: 15, core dumped: no
Traceback (most recent call last):
  File "/home/probissi/site_takip/passenger_wsgi.py", line 10, in <module>
    from app import create_app
  File "/home/probissi/site_takip/app/__init__.py", line 120
    ozel_gun = {'baslik': '19 May\u0131s Atat\xfcrk'\xfc Anma, Gen\xe7lik ve Spor Bayram\u0131', 'mesaj': 'Gen\xe7li\u011fe arma\u011fan edilen bu \xf6zel g\xfcnde t\xfcm gen\xe7lerimizi kutluyoruz.', 'emoji': '[19M]', 'renk': 'from-red-600 to-red-400'}
                                                                                                                                                                         ^
SyntaxError: invalid decimal literal
[UID:1043][861735] Child process with pid: 861750 was killed by signal: 15, core dumped: no
Traceback (most recent call last):
  File "/home/probissi/site_takip/passenger_wsgi.py", line 10, in <module>
    from app import create_app
  File "/home/probissi/site_takip/app/__init__.py", line 120
    ozel_gun = {'baslik': '19 May\u0131s Atat\xfcrk'\xfc Anma, Gen\xe7lik ve Spor Bayram\u0131', 'mesaj': 'Gen\xe7li\u011fe arma\u011fan edilen bu \xf6zel g\xfcnde t\xfcm gen\xe7lerimizi kutluyoruz.', 'emoji': '[19M]', 'renk': 'from-red-600 to-red-400'}
                                                                                                                                                                         ^
SyntaxError: invalid decimal literal
[UID:1043][861735] Child process with pid: 861751 was killed by signal: 15, core dumped: no
Traceback (most recent call last):
  File "/home/probissi/site_takip/passenger_wsgi.py", line 10, in <module>
    from app import create_app
  File "/home/probissi/site_takip/app/__init__.py", line 120
    ozel_gun = {'baslik': '19 May\u0131s Atat\xfcrk'\xfc Anma, Gen\xe7lik ve Spor Bayram\u0131', 'mesaj': 'Gen\xe7li\u011fe arma\u011fan edilen bu \xf6zel g\xfcnde t\xfcm gen\xe7lerimizi kutluyoruz.', 'emoji': '[19M]', 'renk': 'from-red-600 to-red-400'}
                                                                                                                                                                         ^
SyntaxError: invalid decimal literal
[UID:1043][861735] Child process with pid: 861844 was killed by signal: 15, core dumped: no
Traceback (most recent call last):
  File "/home/probissi/site_takip/passenger_wsgi.py", line 10, in <module>
    from app import create_app
  File "/home/probissi/site_takip/app/__init__.py", line 120
    ozel_gun = {'baslik': '19 May\u0131s Atat\xfcrk'\xfc Anma, Gen\xe7lik ve Spor Bayram\u0131', 'mesaj': 'Gen\xe7li\u011fe arma\u011fan edilen bu \xf6zel g\xfcnde t\xfcm gen\xe7lerimizi kutluyoruz.', 'emoji': '[19M]', 'renk': 'from-red-600 to-red-400'}
                                                                                                                                                                         ^
SyntaxError: invalid decimal literal
[UID:1043][861735] Child process with pid: 861848 was killed by signal: 15, core dumped: no
Traceback (most recent call last):
  File "/home/probissi/site_takip/passenger_wsgi.py", line 10, in <module>
    from app import create_app
  File "/home/probissi/site_takip/app/__init__.py", line 120
    ozel_gun = {'baslik': '19 May\u0131s Atat\xfcrk'\xfc Anma, Gen\xe7lik ve Spor Bayram\u0131', 'mesaj': 'Gen\xe7li\u011fe arma\u011fan edilen bu \xf6zel g\xfcnde t\xfcm gen\xe7lerimizi kutluyoruz.', 'emoji': '[19M]', 'renk': 'from-red-600 to-red-400'}
                                                                                                                                                                         ^
SyntaxError: invalid decimal literal
[UID:1043][861735] Child process with pid: 861850 was killed by signal: 15, core dumped: no
Traceback (most recent call last):
  File "/home/probissi/site_takip/passenger_wsgi.py", line 10, in <module>
    from app import create_app
  File "/home/probissi/site_takip/app/__init__.py", line 126
    ozel_gun = {'baslik': '30 A\u011fustos Zafer Bayram\u0131', 'mesaj': 'B\xfcy\xfck Zafer'in y\u0131l d\xf6n\xfcm\xfcnde \u015fehitlerimizi sayg\u0131yla an\u0131yoruz.', 'emoji': '[30A]', 'renk': 'from-red-600 to-red-400'}
                                                                                                                                            ^
SyntaxError: invalid decimal literal
Traceback (most recent call last):
  File "/home/probissi/site_takip/passenger_wsgi.py", line 10, in <module>
    from app import create_app
  File "/home/probissi/site_takip/app/__init__.py", line 126
    ozel_gun = {'baslik': '30 A\u011fustos Zafer Bayram\u0131', 'mesaj': 'B\xfcy\xfck Zafer'in y\u0131l d\xf6n\xfcm\xfcnde \u015fehitlerimizi sayg\u0131yla an\u0131yoruz.', 'emoji': '[30A]', 'renk': 'from-red-600 to-red-400'}
                                                                                                                                            ^
SyntaxError: invalid decimal literal
Traceback (most recent call last):
  File "/home/probissi/site_takip/passenger_wsgi.py", line 10, in <module>
    from app import create_app
  File "/home/probissi/site_takip/app/__init__.py", line 126
    ozel_gun = {'baslik': '30 A\u011fustos Zafer Bayram\u0131', 'mesaj': 'B\xfcy\xfck Zafer'in y\u0131l d\xf6n\xfcm\xfcnde \u015fehitlerimizi sayg\u0131yla an\u0131yoruz.', 'emoji': '[30A]', 'renk': 'from-red-600 to-red-400'}
                                                                                                                                            ^
SyntaxError: invalid decimal literal
[UID:1043][863712] Child process with pid: 863716 was killed by signal: 15, core dumped: no
Traceback (most recent call last):
  File "/home/probissi/site_takip/passenger_wsgi.py", line 10, in <module>
    from app import create_app
  File "/home/probissi/site_takip/app/__init__.py", line 126
    ozel_gun = {'baslik': '30 A\u011fustos Zafer Bayram\u0131', 'mesaj': 'B\xfcy\xfck Zafer'in y\u0131l d\xf6n\xfcm\xfcnde \u015fehitlerimizi sayg\u0131yla an\u0131yoruz.', 'emoji': '[30A]', 'renk': 'from-red-600 to-red-400'}
                                                                                                                                            ^
SyntaxError: invalid decimal literal
[UID:1043][863712] Child process with pid: 863719 was killed by signal: 15, core dumped: no
Traceback (most recent call last):
  File "/home/probissi/site_takip/passenger_wsgi.py", line 10, in <module>
    from app import create_app
  File "/home/probissi/site_takip/app/__init__.py", line 126
    ozel_gun = {'baslik': '30 A\u011fustos Zafer Bayram\u0131', 'mesaj': 'B\xfcy\xfck Zafer'in y\u0131l d\xf6n\xfcm\xfcnde \u015fehitlerimizi sayg\u0131yla an\u0131yoruz.', 'emoji': '[30A]', 'renk': 'from-red-600 to-red-400'}
                                                                                                                                            ^
SyntaxError: invalid decimal literal
[UID:1043][863712] Child process with pid: 863760 was killed by signal: 15, core dumped: no
Traceback (most recent call last):
  File "/home/probissi/site_takip/passenger_wsgi.py", line 10, in <module>
    from app import create_app
  File "/home/probissi/site_takip/app/__init__.py", line 126
    ozel_gun = {'baslik': '30 A\u011fustos Zafer Bayram\u0131', 'mesaj': 'B\xfcy\xfck Zafer'in y\u0131l d\xf6n\xfcm\xfcnde \u015fehitlerimizi sayg\u0131yla an\u0131yoruz.', 'emoji': '[30A]', 'renk': 'from-red-600 to-red-400'}
                                                                                                                                            ^
SyntaxError: invalid decimal literal
[UID:1043][863712] Child process with pid: 863808 was killed by signal: 15, core dumped: no
Traceback (most recent call last):
  File "/home/probissi/site_takip/passenger_wsgi.py", line 10, in <module>
    from app import create_app
  File "/home/probissi/site_takip/app/__init__.py", line 126
    ozel_gun = {'baslik': '30 A\u011fustos Zafer Bayram\u0131', 'mesaj': 'B\xfcy\xfck Zafer'in y\u0131l d\xf6n\xfcm\xfcnde \u015fehitlerimizi sayg\u0131yla an\u0131yoruz.', 'emoji': '[30A]', 'renk': 'from-red-600 to-red-400'}
                                                                                                                                            ^
SyntaxError: invalid decimal literal
[UID:1043][863712] Child process with pid: 863818 was killed by signal: 15, core dumped: no
Traceback (most recent call last):
  File "/home/probissi/site_takip/passenger_wsgi.py", line 10, in <module>
    from app import create_app
  File "/home/probissi/site_takip/app/__init__.py", line 126
    ozel_gun = {'baslik': '30 A\u011fustos Zafer Bayram\u0131', 'mesaj': 'B\xfcy\xfck Zafer'in y\u0131l d\xf6n\xfcm\xfcnde \u015fehitlerimizi sayg\u0131yla an\u0131yoruz.', 'emoji': '[30A]', 'renk': 'from-red-600 to-red-400'}
                                                                                                                                            ^
SyntaxError: invalid decimal literal
[UID:1043][863712] Child process with pid: 863843 was killed by signal: 15, core dumped: no
Traceback (most recent call last):
  File "/home/probissi/site_takip/passenger_wsgi.py", line 10, in <module>
    from app import create_app
  File "/home/probissi/site_takip/app/__init__.py", line 126
    ozel_gun = {'baslik': '30 A\u011fustos Zafer Bayram\u0131', 'mesaj': 'B\xfcy\xfck Zafer'in y\u0131l d\xf6n\xfcm\xfcnde \u015fehitlerimizi sayg\u0131yla an\u0131yoruz.', 'emoji': '[30A]', 'renk': 'from-red-600 to-red-400'}
                                                                                                                                            ^
SyntaxError: invalid decimal literal
[UID:1043][863712] Child process with pid: 863845 was killed by signal: 15, core dumped: no
